TN:
SF:/home/mliberal/CPool_match-nmatch_2018/match.c
FN:11,len_one_equal_len_two
FN:25,len_one_low_len_two
FN:44,len_one_up_len_two
FN:62,match
FNDA:3,len_one_equal_len_two
FNDA:4,len_one_low_len_two
FNDA:1,len_one_up_len_two
FNDA:8,match
FNF:4
FNH:4
DA:11,3
DA:13,3
DA:15,14
DA:16,12
DA:17,1
DA:18,1
DA:21,2
DA:22,2
DA:25,4
DA:27,4
DA:28,4
DA:30,22
DA:31,29
DA:32,8
DA:34,21
DA:35,3
DA:36,3
DA:38,18
DA:40,1
DA:41,1
DA:44,1
DA:46,1
DA:47,1
DA:49,1
DA:50,5
DA:51,4
DA:53,1
DA:54,1
DA:55,1
DA:58,0
DA:59,0
DA:62,8
DA:64,8
DA:65,8
DA:66,8
DA:68,8
DA:69,3
DA:70,5
DA:71,4
DA:73,1
DA:75,8
LF:41
LH:39
end_of_record
TN:
SF:/home/mliberal/CPool_match-nmatch_2018/tests/test_match.c
FN:12,match_match_same_size_no_asterisks_impl
FN:12,match_match_same_size_no_asterisks_jmp
FN:20,match_no_match_same_size_no_asterisks_jmp
FN:20,match_no_match_same_size_no_asterisks_impl
FN:28,match_no_match_len2_low_len1_size_no_asterisks_impl
FN:28,match_no_match_len2_low_len1_size_no_asterisks_jmp
FN:36,match_no_match_len2_sup_len1_no_asterisks_impl
FN:36,match_no_match_len2_sup_len1_no_asterisks_jmp
FN:44,match_match_same_size_asterisks_impl
FN:44,match_match_same_size_asterisks_jmp
FN:52,match_match_len2_sup_len1_asterisks_jmp
FN:52,match_match_len2_sup_len1_asterisks_impl
FN:60,match_no_match_len2_sup_len1_asterisks_jmp
FN:60,match_no_match_len2_sup_len1_asterisks_impl
FN:68,match_match_len2_sup_len1_asterisks_2_jmp
FN:68,match_match_len2_sup_len1_asterisks_2_impl
FNDA:1,match_match_same_size_no_asterisks_impl
FNDA:1,match_match_same_size_no_asterisks_jmp
FNDA:1,match_no_match_same_size_no_asterisks_impl
FNDA:1,match_no_match_same_size_no_asterisks_jmp
FNDA:1,match_no_match_len2_low_len1_size_no_asterisks_impl
FNDA:1,match_no_match_len2_low_len1_size_no_asterisks_jmp
FNDA:1,match_no_match_len2_sup_len1_no_asterisks_impl
FNDA:1,match_no_match_len2_sup_len1_no_asterisks_jmp
FNDA:1,match_match_same_size_asterisks_impl
FNDA:1,match_match_same_size_asterisks_jmp
FNDA:1,match_match_len2_sup_len1_asterisks_impl
FNDA:1,match_match_len2_sup_len1_asterisks_jmp
FNDA:1,match_no_match_len2_sup_len1_asterisks_impl
FNDA:1,match_no_match_len2_sup_len1_asterisks_jmp
FNDA:1,match_match_len2_sup_len1_asterisks_2_impl
FNDA:1,match_match_len2_sup_len1_asterisks_2_jmp
FNF:16
FNH:16
DA:12,2
DA:14,1
DA:15,1
DA:17,1
DA:18,1
DA:19,1
DA:21,1
DA:22,1
DA:24,1
DA:25,1
DA:26,1
DA:28,2
DA:30,1
DA:31,1
DA:33,1
DA:34,1
DA:35,1
DA:37,1
DA:38,1
DA:40,1
DA:41,1
DA:42,1
DA:44,2
DA:46,1
DA:47,1
DA:49,1
DA:50,1
DA:51,1
DA:53,1
DA:54,1
DA:56,1
DA:57,1
DA:58,1
DA:60,2
DA:62,1
DA:63,1
DA:65,1
DA:66,1
DA:67,1
DA:69,1
DA:70,1
DA:72,1
DA:73,1
DA:74,1
DA:76,2
DA:78,1
DA:79,1
DA:81,1
DA:82,1
DA:83,1
DA:85,1
DA:86,1
DA:88,1
DA:89,1
DA:90,1
DA:92,2
DA:94,1
DA:95,1
DA:97,1
DA:98,1
DA:99,1
DA:101,1
DA:102,1
DA:104,1
DA:105,1
DA:106,1
DA:108,2
DA:110,1
DA:111,1
DA:113,1
DA:114,1
DA:115,1
DA:117,1
DA:118,1
DA:120,1
DA:121,1
DA:122,1
DA:124,2
DA:126,1
DA:127,1
DA:129,1
DA:130,1
DA:131,1
DA:133,1
DA:134,1
DA:136,1
DA:137,1
DA:138,1
LF:88
LH:88
end_of_record
